2017-02-25 11:54:14,869 - INFO - (now=2017-02-25 11:43:00, now_ut=1488015780.0)
2017-02-25 11:59:14,871 - INFO - (now=2017-02-25 11:43:00, now_ut=1488015780.0)
2017-02-25 12:04:14,872 - INFO - (now=2017-02-25 11:43:00, now_ut=1488015780.0)
2017-02-25 12:50:34,970 - INFO - Starting new HTTP connection (1): updatechecker.bryceboe.com
2017-02-25 13:05:42,884 - INFO - (now=2017-02-25 11:43:00, now_ut=1488015780.0)
2017-02-25 13:05:42,892 - INFO - Starting new HTTPS connection (1): www.reddit.com
2017-02-25 13:05:44,161 - INFO - Starting new HTTPS connection (1): oauth.reddit.com
2017-02-25 13:07:14,171 - INFO - (now=2017-02-25 11:43:00, now_ut=1488015780.0)
2017-02-25 13:07:14,174 - INFO - Starting new HTTPS connection (1): www.reddit.com
2017-02-25 13:07:15,535 - INFO - Starting new HTTPS connection (1): oauth.reddit.com
2017-02-25 13:07:56,134 - INFO - (now=2017-02-25 11:43:00, now_ut=1488015780.0)
2017-02-25 13:07:56,135 - INFO - Starting new HTTPS connection (1): www.reddit.com
2017-02-25 13:07:57,775 - INFO - Starting new HTTPS connection (1): oauth.reddit.com
2017-02-25 13:09:11,897 - INFO - (now=2017-02-25 11:43:00, now_ut=1488015780.0)
2017-02-25 13:09:11,900 - INFO - Starting new HTTPS connection (1): www.reddit.com
2017-02-25 13:09:13,266 - INFO - Starting new HTTPS connection (1): oauth.reddit.com
2017-02-25 13:10:01,065 - INFO - (now=2017-02-25 11:43:00, now_ut=1488015780.0)
2017-02-25 13:10:01,069 - INFO - Starting new HTTPS connection (1): www.reddit.com
2017-02-25 13:10:02,727 - INFO - Starting new HTTPS connection (1): oauth.reddit.com
2017-02-25 13:12:16,818 - INFO - (now=2017-02-25 11:43:00, now_ut=1488015780.0)
2017-02-25 13:13:04,263 - INFO - (now=2017-02-25 11:43:00, now_ut=1488015780.0)
2017-02-25 13:14:18,750 - INFO - (now=2017-02-25 11:43:00, now_ut=1488015780.0)
2017-02-25 13:15:07,128 - INFO - (now=2017-02-25 11:43:00, now_ut=1488015780.0)
2017-02-25 13:18:14,345 - INFO - (now=2017-02-25 11:43:00, now_ut=1488015780.0)
2017-02-25 13:18:14,349 - INFO - Starting new HTTPS connection (1): www.reddit.com
2017-02-25 13:18:15,982 - INFO - Starting new HTTPS connection (1): oauth.reddit.com
2017-02-25 13:20:18,148 - INFO - (now=2017-02-25 11:43:00, now_ut=1488015780.0)
2017-02-25 13:22:22,628 - INFO - (now=2017-02-25 11:43:00, now_ut=1488015780.0)
2017-02-25 13:22:22,632 - INFO - Starting new HTTPS connection (1): www.reddit.com
2017-02-25 13:22:23,832 - INFO - Starting new HTTPS connection (1): oauth.reddit.com
2017-02-25 13:23:24,835 - INFO - (now=2017-02-25 11:43:00, now_ut=1488015780.0)
2017-02-25 13:25:23,767 - INFO - (now=2017-02-25 11:43:00, now_ut=1488015780.0)
2017-02-25 13:27:34,469 - INFO - (now=2017-02-25 11:43:00, now_ut=1488015780.0)
2017-02-25 13:28:35,295 - INFO - (now=2017-02-25 11:43:00, now_ut=1488015780.0)
2017-02-25 13:30:32,749 - INFO - (now=2017-02-25 11:43:00, now_ut=1488015780.0)
2017-02-25 13:31:59,687 - INFO - (now=2017-02-25 11:43:00, now_ut=1488015780.0)
2017-02-25 13:31:59,690 - INFO - Starting new HTTPS connection (1): www.reddit.com
2017-02-25 13:32:00,969 - INFO - Starting new HTTPS connection (1): oauth.reddit.com
2017-02-25 13:33:13,982 - INFO - (now=2017-02-25 11:43:00, now_ut=1488015780.0)
2017-02-25 13:33:13,983 - INFO - Starting new HTTPS connection (1): www.reddit.com
2017-02-25 13:33:15,407 - INFO - Starting new HTTPS connection (1): oauth.reddit.com
2017-02-25 13:33:45,549 - INFO - (now=2017-02-25 11:43:00, now_ut=1488015780.0)
2017-02-25 13:34:20,174 - INFO - (now=2017-02-25 11:43:00, now_ut=1488015780.0)
2017-02-25 13:34:20,181 - INFO - Starting new HTTPS connection (1): www.reddit.com
2017-02-25 13:34:21,559 - INFO - Starting new HTTPS connection (1): oauth.reddit.com
2017-02-25 13:35:38,423 - INFO - (now=2017-02-25 11:43:00, now_ut=1488015780.0)
2017-02-25 13:38:17,668 - INFO - (now=2017-02-25 11:43:00, now_ut=1488015780.0)
2017-02-25 13:38:54,661 - INFO - (now=2017-02-25 11:43:00, now_ut=1488015780.0)
2017-02-25 13:39:34,444 - INFO - (now=2017-02-25 11:43:00, now_ut=1488015780.0)
2017-02-25 13:40:46,877 - INFO - (now=2017-02-25 11:43:00, now_ut=1488015780.0)
2017-02-25 13:43:19,332 - INFO - (now=2017-02-25 11:43:00, now_ut=1488015780.0)
2017-02-25 13:44:05,266 - INFO - (now=2017-02-25 11:43:00, now_ut=1488015780.0)
2017-02-25 13:44:45,332 - INFO - (now=2017-02-25 11:43:00, now_ut=1488015780.0)
2017-02-25 13:45:53,421 - INFO - (now=2017-02-25 11:43:00, now_ut=1488015780.0)
2017-02-25 13:46:39,539 - INFO - (now=2017-02-25 11:43:00, now_ut=1488015780.0)
2017-02-25 13:46:39,543 - INFO - Starting new HTTPS connection (1): www.reddit.com
2017-02-25 13:46:40,851 - INFO - Starting new HTTPS connection (1): oauth.reddit.com
2017-02-25 13:48:21,766 - INFO - (now=2017-02-25 11:43:00, now_ut=1488015780.0)
2017-02-25 13:49:14,311 - INFO - (now=2017-02-25 11:43:00, now_ut=1488015780.0)
2017-02-25 13:51:01,753 - INFO - (now=2017-02-25 11:43:00, now_ut=1488015780.0)
2017-02-25 13:51:48,667 - INFO - (now=2017-02-25 11:43:00, now_ut=1488015780.0)
2017-02-25 13:53:23,572 - INFO - (now=2017-02-25 11:43:00, now_ut=1488015780.0)
2017-02-25 13:54:24,868 - INFO - (now=2017-02-25 11:43:00, now_ut=1488015780.0)
2017-02-25 13:56:14,302 - INFO - (now=2017-02-25 11:43:00, now_ut=1488015780.0)
2017-02-25 13:58:25,196 - INFO - (now=2017-02-25 11:43:00, now_ut=1488015780.0)
2017-02-25 13:59:35,667 - INFO - (now=2017-02-25 11:43:00, now_ut=1488015780.0)
2017-02-25 14:01:30,933 - INFO - (now=2017-02-25 11:43:00, now_ut=1488015780.0)
2017-02-25 14:03:27,164 - INFO - (now=2017-02-25 11:43:00, now_ut=1488015780.0)
2017-02-25 14:04:42,720 - INFO - (now=2017-02-25 11:43:00, now_ut=1488015780.0)
2017-02-25 14:06:43,114 - INFO - (now=2017-02-25 11:43:00, now_ut=1488015780.0)
2017-02-25 14:08:28,688 - INFO - (now=2017-02-25 11:43:00, now_ut=1488015780.0)
2017-02-25 14:09:52,351 - INFO - (now=2017-02-25 11:43:00, now_ut=1488015780.0)
2017-02-25 14:11:55,194 - INFO - (now=2017-02-25 11:43:00, now_ut=1488015780.0)
2017-02-25 14:11:55,197 - INFO - Resetting dropped connection: www.reddit.com
2017-02-25 14:13:30,331 - INFO - (now=2017-02-25 11:43:00, now_ut=1488015780.0)
2017-02-25 14:14:59,226 - INFO - (now=2017-02-25 11:43:00, now_ut=1488015780.0)
2017-02-25 14:17:10,145 - INFO - (now=2017-02-25 11:43:00, now_ut=1488015780.0)
2017-02-25 14:18:32,517 - INFO - (now=2017-02-25 11:43:00, now_ut=1488015780.0)
2017-02-25 14:20:10,611 - INFO - (now=2017-02-25 11:43:00, now_ut=1488015780.0)
2017-02-25 14:20:10,615 - INFO - Resetting dropped connection: www.reddit.com
2017-02-25 14:22:22,236 - INFO - (now=2017-02-25 11:43:00, now_ut=1488015780.0)
2017-02-25 14:23:35,094 - INFO - (now=2017-02-25 11:43:00, now_ut=1488015780.0)
2017-02-25 14:25:17,497 - INFO - (now=2017-02-25 11:43:00, now_ut=1488015780.0)
2017-02-25 14:27:33,894 - INFO - (now=2017-02-25 11:43:00, now_ut=1488015780.0)
2017-02-25 14:27:39,346 - INFO - Resetting dropped connection: oauth.reddit.com
2017-02-25 14:28:37,487 - INFO - (now=2017-02-25 11:43:00, now_ut=1488015780.0)
2017-02-25 14:30:29,007 - INFO - (now=2017-02-25 11:43:00, now_ut=1488015780.0)
2017-02-25 14:30:31,655 - INFO - Resetting dropped connection: oauth.reddit.com
2017-02-25 14:32:47,345 - INFO - (now=2017-02-25 11:43:00, now_ut=1488015780.0)
2017-02-25 14:33:38,802 - INFO - (now=2017-02-25 11:43:00, now_ut=1488015780.0)
2017-02-25 14:33:38,805 - INFO - Resetting dropped connection: www.reddit.com
2017-02-25 14:35:38,789 - INFO - (now=2017-02-25 11:43:00, now_ut=1488015780.0)
2017-02-25 14:37:57,740 - INFO - (now=2017-02-25 11:43:00, now_ut=1488015780.0)
2017-02-25 14:38:40,749 - INFO - (now=2017-02-25 11:43:00, now_ut=1488015780.0)
2017-02-25 14:38:40,755 - INFO - Resetting dropped connection: oauth.reddit.com
2017-02-25 14:40:47,209 - INFO - (now=2017-02-25 11:43:00, now_ut=1488015780.0)
2017-02-25 14:43:08,637 - INFO - (now=2017-02-25 11:43:00, now_ut=1488015780.0)
2017-02-25 14:43:42,193 - INFO - (now=2017-02-25 11:43:00, now_ut=1488015780.0)
2017-02-25 14:45:52,263 - INFO - (now=2017-02-25 11:43:00, now_ut=1488015780.0)
2017-02-25 14:48:20,862 - INFO - (now=2017-02-25 11:43:00, now_ut=1488015780.0)
2017-02-25 14:48:43,263 - INFO - (now=2017-02-25 11:43:00, now_ut=1488015780.0)
2017-02-25 14:51:02,131 - INFO - (now=2017-02-25 11:43:00, now_ut=1488015780.0)
2017-02-25 14:53:31,232 - INFO - (now=2017-02-25 11:43:00, now_ut=1488015780.0)
2017-02-25 14:53:45,194 - INFO - (now=2017-02-25 11:43:00, now_ut=1488015780.0)
2017-02-25 14:56:16,759 - INFO - (now=2017-02-25 11:43:00, now_ut=1488015780.0)
2017-02-25 14:58:43,128 - INFO - (now=2017-02-25 11:43:00, now_ut=1488015780.0)
2017-02-25 14:58:51,650 - INFO - (now=2017-02-25 11:43:00, now_ut=1488015780.0)
2017-02-25 15:01:33,726 - INFO - (now=2017-02-25 11:43:00, now_ut=1488015780.0)
2017-02-25 15:03:52,959 - INFO - (now=2017-02-25 11:43:00, now_ut=1488015780.0)
2017-02-25 15:03:53,762 - INFO - (now=2017-02-25 11:43:00, now_ut=1488015780.0)
2017-02-25 15:06:47,641 - INFO - (now=2017-02-25 11:43:00, now_ut=1488015780.0)
2017-02-25 15:08:54,221 - INFO - (now=2017-02-25 11:43:00, now_ut=1488015780.0)
2017-02-25 15:09:07,305 - INFO - (now=2017-02-25 11:43:00, now_ut=1488015780.0)
2017-02-25 15:12:02,759 - INFO - (now=2017-02-25 11:43:00, now_ut=1488015780.0)
2017-02-25 15:13:56,338 - INFO - (now=2017-02-25 11:43:00, now_ut=1488015780.0)
2017-02-25 15:14:17,355 - INFO - (now=2017-02-25 11:43:00, now_ut=1488015780.0)
2017-02-25 15:14:17,358 - INFO - Resetting dropped connection: www.reddit.com
2017-02-25 15:17:17,835 - INFO - (now=2017-02-25 11:43:00, now_ut=1488015780.0)
2017-02-25 15:18:58,201 - INFO - (now=2017-02-25 11:43:00, now_ut=1488015780.0)
2017-02-25 15:19:31,154 - INFO - (now=2017-02-25 11:43:00, now_ut=1488015780.0)
2017-02-25 15:22:32,598 - INFO - (now=2017-02-25 11:43:00, now_ut=1488015780.0)
2017-02-25 15:22:32,601 - INFO - Resetting dropped connection: www.reddit.com
2017-02-25 15:23:59,552 - INFO - (now=2017-02-25 11:43:00, now_ut=1488015780.0)
2017-02-25 15:24:41,181 - INFO - (now=2017-02-25 11:43:00, now_ut=1488015780.0)
2017-02-25 15:27:52,526 - INFO - (now=2017-02-25 11:43:00, now_ut=1488015780.0)
2017-02-25 15:29:00,934 - INFO - (now=2017-02-25 11:43:00, now_ut=1488015780.0)
2017-02-25 15:29:59,319 - INFO - (now=2017-02-25 11:43:00, now_ut=1488015780.0)
2017-02-25 15:30:02,612 - INFO - Resetting dropped connection: oauth.reddit.com
2017-02-25 15:33:09,056 - INFO - (now=2017-02-25 11:43:00, now_ut=1488015780.0)
2017-02-25 15:33:11,219 - INFO - Resetting dropped connection: oauth.reddit.com
2017-02-25 15:34:02,279 - INFO - (now=2017-02-25 11:43:00, now_ut=1488015780.0)
2017-02-25 15:34:02,282 - INFO - Resetting dropped connection: www.reddit.com
2017-02-25 15:35:09,506 - INFO - (now=2017-02-25 11:43:00, now_ut=1488015780.0)
